[debug] [2022-06-06T09:41:27.053Z] ----------------------------------------------------------------------
[debug] [2022-06-06T09:41:27.055Z] Command:       C:\Program Files\nodejs\node.exe C:\Users\DELL\AppData\Roaming\npm\node_modules\firebase-tools\lib\bin\firebase.js init
[debug] [2022-06-06T09:41:27.056Z] CLI Version:   11.0.1
[debug] [2022-06-06T09:41:27.056Z] Platform:      win32
[debug] [2022-06-06T09:41:27.056Z] Node Version:  v16.14.2
[debug] [2022-06-06T09:41:27.057Z] Time:          Mon Jun 06 2022 16:41:27 GMT+0700 (Western Indonesia Time)
[debug] [2022-06-06T09:41:27.057Z] ----------------------------------------------------------------------
[debug] 
[debug] [2022-06-06T09:41:27.062Z] >>> [apiv2][query] GET https://firebase-public.firebaseio.com/cli.json [none]
[debug] [2022-06-06T09:41:27.167Z] > command requires scopes: ["email","openid","https://www.googleapis.com/auth/cloudplatformprojects.readonly","https://www.googleapis.com/auth/firebase","https://www.googleapis.com/auth/cloud-platform"]
[debug] [2022-06-06T09:41:27.167Z] > authorizing via signed-in user (arengasugarindo@gmail.com)
[info] 
     ######## #### ########  ######## ########     ###     ######  ########
     ##        ##  ##     ## ##       ##     ##  ##   ##  ##       ##
     ######    ##  ########  ######   ########  #########  ######  ######
     ##        ##  ##    ##  ##       ##     ## ##     ##       ## ##
     ##       #### ##     ## ######## ########  ##     ##  ######  ########

You're about to initialize a Firebase project in this directory:

  C:\Users\DELL\Documents\algi-app

Before we get started, keep in mind:

  * You are initializing within an existing Firebase project directory

[debug] [2022-06-06T09:41:27.952Z] <<< [apiv2][status] GET https://firebase-public.firebaseio.com/cli.json 200
[debug] [2022-06-06T09:41:27.953Z] <<< [apiv2][body] GET https://firebase-public.firebaseio.com/cli.json {"cloudBuildErrorAfter":1594252800000,"cloudBuildWarnAfter":1590019200000,"defaultNode10After":1594252800000,"minVersion":"3.0.5","node8DeploysDisabledAfter":1613390400000,"node8RuntimeDisabledAfter":1615809600000,"node8WarnAfter":1600128000000}
